<?xml version="1.0" encoding="UTF-8"?>
<!-- Generated by org.testng.reporters.JUnitReportReporter -->
<testsuite hostname="DESKTOP-2CR94PT" failures="0" tests="3" name="testNg.SuiteExample" time="30.318" errors="0" timestamp="2023-09-10T19:51:01 IST" skipped="0">
  <testcase classname="testNg.SuiteExample" name="openBing" time="8.944"/>
  <testcase classname="testNg.SuiteExample" name="openGoogle" time="5.275"/>
  <testcase classname="testNg.SuiteExample" name="openYahoo" time="16.099"/>
</testsuite> <!-- testNg.SuiteExample -->
