<?xml version="1.0" encoding="UTF-8"?>
<!-- Generated by org.testng.reporters.JUnitReportReporter -->
<testsuite hostname="DESKTOP-2CR94PT" failures="0" tests="5" name="testNg.DriveACar" time="0.094" errors="0" timestamp="2023-09-10T21:48:17 IST" skipped="0">
  <testcase classname="testNg.DriveACar" name="startTheCar" time="0.030"/>
  <testcase classname="testNg.DriveACar" name="putFirstGear" time="0.010"/>
  <testcase classname="testNg.DriveACar" name="putSecondGear" time="0.015"/>
  <testcase classname="testNg.DriveACar" name="putThirdGear" time="0.019"/>
  <testcase classname="testNg.DriveACar" name="putFourthGear" time="0.020"/>
</testsuite> <!-- testNg.DriveACar -->
