<?xml version="1.0" encoding="UTF-8"?>
<!-- Generated by org.testng.reporters.JUnitReportReporter -->
<testsuite hostname="DESKTOP-2CR94PT" failures="0" tests="3" name="testNg.Testsamplecase" time="0.014" errors="0" timestamp="2023-09-10T19:13:28 IST" skipped="0">
  <testcase classname="testNg.Testsamplecase" name="firstTestcase" time="0.007"/>
  <testcase classname="testNg.Testsamplecase" name="thirdTestcase" time="0.004"/>
  <testcase classname="testNg.Testsamplecase" name="secondTestcase" time="0.003"/>
</testsuite> <!-- testNg.Testsamplecase -->
