<?xml version="1.0" encoding="UTF-8"?>
<!-- Generated by org.testng.reporters.JUnitReportReporter -->
<testsuite hostname="DESKTOP-2CR94PT" failures="0" tests="3" name="testNg.DependenciesManagement" time="0.037" errors="0" timestamp="2023-09-10T19:13:28 IST" skipped="0">
  <testcase classname="testNg.DependenciesManagement" name="highSchool" time="0.015"/>
  <testcase classname="testNg.DependenciesManagement" name="higherSecondar" time="0.010"/>
  <testcase classname="testNg.DependenciesManagement" name="engineering" time="0.012"/>
</testsuite> <!-- testNg.DependenciesManagement -->
