<?xml version="1.0" encoding="UTF-8"?>
<!-- Generated by org.testng.reporters.JUnitReportReporter -->
<testsuite hostname="DESKTOP-2CR94PT" failures="0" tests="6" name="testNg.SkipATestCase" time="0.087" errors="0" timestamp="2023-09-10T19:13:28 IST" skipped="1">
  <testcase classname="testNg.SkipATestCase" name="startTheCar" time="0.051"/>
  <testcase classname="testNg.SkipATestCase" name="putFirstGear" time="0.010"/>
  <testcase classname="testNg.SkipATestCase" name="putSecondGear" time="0.009"/>
  <testcase classname="testNg.SkipATestCase" name="putThirdGear" time="0.007"/>
  <testcase classname="testNg.SkipATestCase" name="putFourthGear" time="0.010"/>
  <testcase classname="testNg.SkipATestCase" name="turnTheMusicon">
    <skipped/>
  </testcase> <!-- turnTheMusicon -->
</testsuite> <!-- testNg.SkipATestCase -->
